> Task :app:preBuild UP-TO-DATE
> Task :app:preDebugBuild UP-TO-DATE
> Task :app:mergeDebugNativeDebugMetadata NO-SOURCE
> Task :app:checkKotlinGradlePluginConfigurationErrors
> Task :app:dataBindingMergeDependencyArtifactsDebug UP-TO-DATE
> Task :app:generateDebugResValues UP-TO-DATE
> Task :app:generateDebugResources
> Task :app:packageDebugResources
> Task :app:processDebugNavigationResources
> Task :app:mergeDebugResources
> Task :app:checkDebugAarMetadata UP-TO-DATE
> Task :app:compileDebugNavigationResources UP-TO-DATE
> Task :app:parseDebugLocalResources
> Task :app:mapDebugSourceSetPaths
> Task :app:dataBindingGenBaseClassesDebug
> Task :app:createDebugCompatibleScreenManifests UP-TO-DATE
> Task :app:extractDeepLinksDebug UP-TO-DATE
> Task :app:processDebugMainManifest
> Task :app:processDebugManifest
> Task :app:javaPreCompileDebug UP-TO-DATE
> Task :app:mergeDebugShaders UP-TO-DATE
> Task :app:compileDebugShaders NO-SOURCE
> Task :app:generateDebugAssets UP-TO-DATE
> Task :app:mergeDebugAssets UP-TO-DATE
> Task :app:compressDebugAssets UP-TO-DATE
> Task :app:checkDebugDuplicateClasses UP-TO-DATE
> Task :app:desugarDebugFileDependencies UP-TO-DATE
> Task :app:mergeExtDexDebug UP-TO-DATE
> Task :app:mergeLibDexDebug UP-TO-DATE
> Task :app:configureCMakeDebug[arm64-v8a]
> Task :app:processDebugManifestForPackage
> Task :app:buildCMakeDebug[arm64-v8a]
> Task :app:configureCMakeDebug[armeabi-v7a]
> Task :app:buildCMakeDebug[armeabi-v7a]
> Task :app:configureCMakeDebug[x86]
> Task :app:buildCMakeDebug[x86]
> Task :app:configureCMakeDebug[x86_64]
> Task :app:buildCMakeDebug[x86_64]
> Task :app:mergeDebugJniLibFolders UP-TO-DATE
> Task :app:validateSigningDebug UP-TO-DATE
> Task :app:writeDebugAppMetadata UP-TO-DATE
> Task :app:writeDebugSigningConfigVersions UP-TO-DATE
> Task :app:mergeDebugNativeLibs
> Task :app:stripDebugDebugSymbols
> Task :app:processDebugResources
> Task :app:compileDebugKotlin

Timed out waiting for finished message from client socket connection from /127.0.0.1:59756 to /127.0.0.1:60238. Discarding connection.

> Task :app:compileDebugKotlin
e: file:///D:/Kushal/projects/flamapp/android/app/src/main/java/com/example/cvgl/CVGLRenderer.kt:131:1 Expecting a top level declaration
e: file:///D:/Kushal/projects/flamapp/android/app/src/main/java/com/example/cvgl/CVGLRenderer.kt:57:5 Modifier 'override' is not applicable to 'top level function'
e: file:///D:/Kushal/projects/flamapp/android/app/src/main/java/com/example/cvgl/CVGLRenderer.kt:79:5 Modifier 'override' is not applicable to 'top level function'
e: file:///D:/Kushal/projects/flamapp/android/app/src/main/java/com/example/cvgl/CVGLRenderer.kt:83:5 Modifier 'override' is not applicable to 'top level function'
e: file:///D:/Kushal/projects/flamapp/android/app/src/main/java/com/example/cvgl/MainActivity.kt:24:36 Unresolved reference: CVGLRenderer
e: file:///D:/Kushal/projects/flamapp/android/app/src/main/java/com/example/cvgl/MainActivity.kt:42:20 Unresolved reference: CVGLRenderer
e: file:///D:/Kushal/projects/flamapp/android/app/src/main/java/com/example/cvgl/MainActivity.kt:99:24 Unresolved reference: opencv
e: file:///D:/Kushal/projects/flamapp/android/app/src/main/java/com/example/cvgl/MainActivity.kt:99:59 Unresolved reference: opencv
e: file:///D:/Kushal/projects/flamapp/android/app/src/main/java/com/example/cvgl/MainActivity.kt:102:32 Unresolved reference: opencv

> Task :app:compileDebugKotlin FAILED

[Incubating] Problems report is available at: file:///D:/Kushal/projects/flamapp/android/build/reports/problems/problems-report.html

FAILURE: Build failed with an exception.

* What went wrong:
Execution failed for task ':app:compileDebugKotlin'.
> A failure occurred while executing org.jetbrains.kotlin.compilerRunner.GradleCompilerRunnerWithWorkers$GradleKotlinCompilerWorkAction
   > Compilation error. See log for more details

* Try:
> Run with --stacktrace option to get the stack trace.
> Run with --info or --debug option to get more log output.
> Run with --scan to get full insights.
> Get more help at https://help.gradle.org.

Deprecated Gradle features were used in this build, making it incompatible with Gradle 10.0.

You can use '--warning-mode all' to show the individual deprecation warnings and determine if they come from your own scripts or plugins.

For more on this, please refer to https://docs.gradle.org/9.0-milestone-1/userguide/command_line_interface.html#sec:command_line_warnings in the Gradle documentation.

BUILD FAILED in 2m 37s
41 actionable tasks: 23 executed, 18 up-to-date
