
> Configure project :opencv
Configure OpenCV with Kotlin
OpenCV: 4.12.0 C:\opencv-4.12.0-android-sdk\OpenCV-android-sdk\sdk\build.gradle

> Task :app:preBuild UP-TO-DATE
> Task :app:preDebugBuild UP-TO-DATE
> Task :app:mergeDebugNativeDebugMetadata NO-SOURCE
> Task :app:checkKotlinGradlePluginConfigurationErrors
> Task :app:dataBindingMergeDependencyArtifactsDebug UP-TO-DATE
> Task :app:generateDebugResValues UP-TO-DATE
> Task :app:generateDebugResources UP-TO-DATE
> Task :opencv:preBuild UP-TO-DATE
> Task :opencv:preDebugBuild UP-TO-DATE
> Task :opencv:generateDebugResValues UP-TO-DATE
> Task :opencv:generateDebugResources UP-TO-DATE
> Task :opencv:packageDebugResources UP-TO-DATE
> Task :app:mergeDebugResources UP-TO-DATE
> Task :app:packageDebugResources UP-TO-DATE
> Task :opencv:processDebugNavigationResources UP-TO-DATE
> Task :app:processDebugNavigationResources UP-TO-DATE
> Task :app:parseDebugLocalResources UP-TO-DATE
> Task :opencv:parseDebugLocalResources UP-TO-DATE
> Task :opencv:generateDebugRFile UP-TO-DATE
> Task :app:dataBindingGenBaseClassesDebug
> Task :opencv:writeDebugAarMetadata UP-TO-DATE
> Task :app:checkDebugAarMetadata UP-TO-DATE
> Task :app:compileDebugNavigationResources UP-TO-DATE
> Task :app:mapDebugSourceSetPaths UP-TO-DATE
> Task :app:createDebugCompatibleScreenManifests UP-TO-DATE
> Task :app:extractDeepLinksDebug UP-TO-DATE
> Task :opencv:extractDeepLinksDebug UP-TO-DATE
> Task :opencv:processDebugManifest UP-TO-DATE
> Task :app:processDebugMainManifest
> Task :app:processDebugManifest UP-TO-DATE
> Task :app:processDebugManifestForPackage UP-TO-DATE
> Task :opencv:compileDebugLibraryResources UP-TO-DATE
> Task :opencv:checkKotlinGradlePluginConfigurationErrors
> Task :opencv:generateDebugBuildConfig UP-TO-DATE
> Task :app:javaPreCompileDebug UP-TO-DATE
> Task :app:mergeDebugShaders UP-TO-DATE
> Task :app:compileDebugShaders NO-SOURCE
> Task :app:generateDebugAssets UP-TO-DATE
> Task :opencv:javaPreCompileDebug
> Task :opencv:mergeDebugShaders
> Task :opencv:compileDebugShaders NO-SOURCE
> Task :opencv:generateDebugAssets UP-TO-DATE
> Task :opencv:mergeDebugAssets
> Task :app:mergeDebugAssets UP-TO-DATE
> Task :app:compressDebugAssets UP-TO-DATE
> Task :app:desugarDebugFileDependencies
> Task :app:checkDebugDuplicateClasses UP-TO-DATE

> Task :opencv:compileDebugKotlin
e: Daemon compilation failed: null
java.lang.Exception
	at org.jetbrains.kotlin.daemon.common.CompileService$CallResult$Error.get(CompileService.kt:69)
	at org.jetbrains.kotlin.daemon.common.CompileService$CallResult$Error.get(CompileService.kt:65)
	at org.jetbrains.kotlin.compilerRunner.GradleKotlinCompilerWork.compileWithDaemon(GradleKotlinCompilerWork.kt:244)
	at org.jetbrains.kotlin.compilerRunner.GradleKotlinCompilerWork.compileWithDaemonOrFallbackImpl(GradleKotlinCompilerWork.kt:175)
	at org.jetbrains.kotlin.compilerRunner.GradleKotlinCompilerWork.run(GradleKotlinCompilerWork.kt:135)
	at org.jetbrains.kotlin.compilerRunner.GradleCompilerRunnerWithWorkers$GradleKotlinCompilerWorkAction.execute(GradleCompilerRunnerWithWorkers.kt:73)
	at org.gradle.workers.internal.DefaultWorkerServer.execute(DefaultWorkerServer.java:63)
	at org.gradle.workers.internal.NoIsolationWorkerFactory$1$1.create(NoIsolationWorkerFactory.java:66)
	at org.gradle.workers.internal.NoIsolationWorkerFactory$1$1.create(NoIsolationWorkerFactory.java:62)
	at org.gradle.internal.classloader.ClassLoaderUtils.executeInClassloader(ClassLoaderUtils.java:100)
	at org.gradle.workers.internal.NoIsolationWorkerFactory$1.lambda$execute$0(NoIsolationWorkerFactory.java:62)
	at org.gradle.workers.internal.AbstractWorker$1.call(AbstractWorker.java:44)
	at org.gradle.workers.internal.AbstractWorker$1.call(AbstractWorker.java:41)
	at org.gradle.internal.operations.DefaultBuildOperationRunner$CallableBuildOperationWorker.execute(DefaultBuildOperationRunner.java:209)
	at org.gradle.internal.operations.DefaultBuildOperationRunner$CallableBuildOperationWorker.execute(DefaultBuildOperationRunner.java:204)
	at org.gradle.internal.operations.DefaultBuildOperationRunner$2.execute(DefaultBuildOperationRunner.java:66)
	at org.gradle.internal.operations.DefaultBuildOperationRunner$2.execute(DefaultBuildOperationRunner.java:59)
	at org.gradle.internal.operations.DefaultBuildOperationRunner.execute(DefaultBuildOperationRunner.java:166)
	at org.gradle.internal.operations.DefaultBuildOperationRunner.execute(DefaultBuildOperationRunner.java:59)
	at org.gradle.internal.operations.DefaultBuildOperationRunner.call(DefaultBuildOperationRunner.java:53)
	at org.gradle.workers.internal.AbstractWorker.executeWrappedInBuildOperation(AbstractWorker.java:41)
	at org.gradle.workers.internal.NoIsolationWorkerFactory$1.execute(NoIsolationWorkerFactory.java:59)
	at org.gradle.workers.internal.DefaultWorkerExecutor.lambda$submitWork$0(DefaultWorkerExecutor.java:174)
	at java.base/java.util.concurrent.FutureTask.run(FutureTask.java:317)
	at org.gradle.internal.work.DefaultConditionalExecutionQueue$ExecutionRunner.runExecution(DefaultConditionalExecutionQueue.java:194)
	at org.gradle.internal.work.DefaultConditionalExecutionQueue$ExecutionRunner.access$700(DefaultConditionalExecutionQueue.java:127)
	at org.gradle.internal.work.DefaultConditionalExecutionQueue$ExecutionRunner$1.run(DefaultConditionalExecutionQueue.java:169)
	at org.gradle.internal.Factories$1.create(Factories.java:31)
	at org.gradle.internal.work.DefaultWorkerLeaseService.withLocks(DefaultWorkerLeaseService.java:263)
	at org.gradle.internal.work.DefaultWorkerLeaseService.runAsWorkerThread(DefaultWorkerLeaseService.java:127)
	at org.gradle.internal.work.DefaultWorkerLeaseService.runAsWorkerThread(DefaultWorkerLeaseService.java:132)
	at org.gradle.internal.work.DefaultConditionalExecutionQueue$ExecutionRunner.runBatch(DefaultConditionalExecutionQueue.java:164)
	at org.gradle.internal.work.DefaultConditionalExecutionQueue$ExecutionRunner.run(DefaultConditionalExecutionQueue.java:133)
	at java.base/java.util.concurrent.Executors$RunnableAdapter.call(Executors.java:572)
	at java.base/java.util.concurrent.FutureTask.run(FutureTask.java:317)
	at org.gradle.internal.concurrent.ExecutorPolicy$CatchAndRecordFailures.onExecute(ExecutorPolicy.java:64)
	at org.gradle.internal.concurrent.AbstractManagedExecutor$1.run(AbstractManagedExecutor.java:47)
	at java.base/java.util.concurrent.ThreadPoolExecutor.runWorker(ThreadPoolExecutor.java:1144)
	at java.base/java.util.concurrent.ThreadPoolExecutor$Worker.run(ThreadPoolExecutor.java:642)
	at java.base/java.lang.Thread.run(Thread.java:1583)
Caused by: java.lang.IllegalArgumentException: this and base files have different roots: C:\opencv-4.12.0-android-sdk\OpenCV-android-sdk\sdk\java\src\org\opencv\core\MatAt.kt and D:\Kushal\projects\flamapp\android.
	at kotlin.io.FilesKt__UtilsKt.toRelativeString(Utils.kt:117)
	at kotlin.io.FilesKt__UtilsKt.relativeTo(Utils.kt:128)
	at org.jetbrains.kotlin.incremental.storage.RelocatableFileToPathConverter.toPath(RelocatableFileToPathConverter.kt:22)
	at org.jetbrains.kotlin.incremental.storage.ComplementarySourceFilesMap.get(ComplementarySourceFilesMap.kt:22)
	at org.jetbrains.kotlin.incremental.AbstractIncrementalCache.getComplementaryFilesRecursive(AbstractIncrementalCache.kt:219)
	at org.jetbrains.kotlin.incremental.IncrementalCompilerRunner.doCompile(IncrementalCompilerRunner.kt:455)
	at org.jetbrains.kotlin.incremental.IncrementalCompilerRunner.compileImpl(IncrementalCompilerRunner.kt:400)
	at org.jetbrains.kotlin.incremental.IncrementalCompilerRunner.compileNonIncrementally(IncrementalCompilerRunner.kt:281)
	at org.jetbrains.kotlin.incremental.IncrementalCompilerRunner.compile(IncrementalCompilerRunner.kt:125)
	at org.jetbrains.kotlin.daemon.CompileServiceImplBase.execIncrementalCompiler(CompileServiceImpl.kt:657)
	at org.jetbrains.kotlin.daemon.CompileServiceImplBase.access$execIncrementalCompiler(CompileServiceImpl.kt:105)
	at org.jetbrains.kotlin.daemon.CompileServiceImpl.compile(CompileServiceImpl.kt:1624)
	at java.base/jdk.internal.reflect.DirectMethodHandleAccessor.invoke(DirectMethodHandleAccessor.java:103)
	at java.base/java.lang.reflect.Method.invoke(Method.java:580)
	at java.rmi/sun.rmi.server.UnicastServerRef.dispatch(UnicastServerRef.java:360)
	at java.rmi/sun.rmi.transport.Transport$1.run(Transport.java:200)
	at java.rmi/sun.rmi.transport.Transport$1.run(Transport.java:197)
	at java.base/java.security.AccessController.doPrivileged(AccessController.java:714)
	at java.rmi/sun.rmi.transport.Transport.serviceCall(Transport.java:196)
	at java.rmi/sun.rmi.transport.tcp.TCPTransport.handleMessages(TCPTransport.java:598)
	at java.rmi/sun.rmi.transport.tcp.TCPTransport$ConnectionHandler.run0(TCPTransport.java:844)
	at java.rmi/sun.rmi.transport.tcp.TCPTransport$ConnectionHandler.lambda$run$0(TCPTransport.java:721)
	at java.base/java.security.AccessController.doPrivileged(AccessController.java:400)
	at java.rmi/sun.rmi.transport.tcp.TCPTransport$ConnectionHandler.run(TCPTransport.java:720)
	... 3 more

Failed to compile with Kotlin daemon: java.lang.Exception
	at org.jetbrains.kotlin.daemon.common.CompileService$CallResult$Error.get(CompileService.kt:69)
	at org.jetbrains.kotlin.daemon.common.CompileService$CallResult$Error.get(CompileService.kt:65)
	at org.jetbrains.kotlin.compilerRunner.GradleKotlinCompilerWork.compileWithDaemon(GradleKotlinCompilerWork.kt:244)
	at org.jetbrains.kotlin.compilerRunner.GradleKotlinCompilerWork.compileWithDaemonOrFallbackImpl(GradleKotlinCompilerWork.kt:175)
	at org.jetbrains.kotlin.compilerRunner.GradleKotlinCompilerWork.run(GradleKotlinCompilerWork.kt:135)
	at org.jetbrains.kotlin.compilerRunner.GradleCompilerRunnerWithWorkers$GradleKotlinCompilerWorkAction.execute(GradleCompilerRunnerWithWorkers.kt:73)
	at org.gradle.workers.internal.DefaultWorkerServer.execute(DefaultWorkerServer.java:63)
	at org.gradle.workers.internal.NoIsolationWorkerFactory$1$1.create(NoIsolationWorkerFactory.java:66)
	at org.gradle.workers.internal.NoIsolationWorkerFactory$1$1.create(NoIsolationWorkerFactory.java:62)
	at org.gradle.internal.classloader.ClassLoaderUtils.executeInClassloader(ClassLoaderUtils.java:100)
	at org.gradle.workers.internal.NoIsolationWorkerFactory$1.lambda$execute$0(NoIsolationWorkerFactory.java:62)
	at org.gradle.workers.internal.AbstractWorker$1.call(AbstractWorker.java:44)
	at org.gradle.workers.internal.AbstractWorker$1.call(AbstractWorker.java:41)
	at org.gradle.internal.operations.DefaultBuildOperationRunner$CallableBuildOperationWorker.execute(DefaultBuildOperationRunner.java:209)
	at org.gradle.internal.operations.DefaultBuildOperationRunner$CallableBuildOperationWorker.execute(DefaultBuildOperationRunner.java:204)
	at org.gradle.internal.operations.DefaultBuildOperationRunner$2.execute(DefaultBuildOperationRunner.java:66)
	at org.gradle.internal.operations.DefaultBuildOperationRunner$2.execute(DefaultBuildOperationRunner.java:59)
	at org.gradle.internal.operations.DefaultBuildOperationRunner.execute(DefaultBuildOperationRunner.java:166)
	at org.gradle.internal.operations.DefaultBuildOperationRunner.execute(DefaultBuildOperationRunner.java:59)
	at org.gradle.internal.operations.DefaultBuildOperationRunner.call(DefaultBuildOperationRunner.java:53)
	at org.gradle.workers.internal.AbstractWorker.executeWrappedInBuildOperation(AbstractWorker.java:41)
	at org.gradle.workers.internal.NoIsolationWorkerFactory$1.execute(NoIsolationWorkerFactory.java:59)
	at org.gradle.workers.internal.DefaultWorkerExecutor.lambda$submitWork$0(DefaultWorkerExecutor.java:174)
	at java.base/java.util.concurrent.FutureTask.run(FutureTask.java:317)
	at org.gradle.internal.work.DefaultConditionalExecutionQueue$ExecutionRunner.runExecution(DefaultConditionalExecutionQueue.java:194)
	at org.gradle.internal.work.DefaultConditionalExecutionQueue$ExecutionRunner.access$700(DefaultConditionalExecutionQueue.java:127)
	at org.gradle.internal.work.DefaultConditionalExecutionQueue$ExecutionRunner$1.run(DefaultConditionalExecutionQueue.java:169)
	at org.gradle.internal.Factories$1.create(Factories.java:31)
	at org.gradle.internal.work.DefaultWorkerLeaseService.withLocks(DefaultWorkerLeaseService.java:263)
	at org.gradle.internal.work.DefaultWorkerLeaseService.runAsWorkerThread(DefaultWorkerLeaseService.java:127)
	at org.gradle.internal.work.DefaultWorkerLeaseService.runAsWorkerThread(DefaultWorkerLeaseService.java:132)
	at org.gradle.internal.work.DefaultConditionalExecutionQueue$ExecutionRunner.runBatch(DefaultConditionalExecutionQueue.java:164)
	at org.gradle.internal.work.DefaultConditionalExecutionQueue$ExecutionRunner.run(DefaultConditionalExecutionQueue.java:133)
	at java.base/java.util.concurrent.Executors$RunnableAdapter.call(Executors.java:572)
	at java.base/java.util.concurrent.FutureTask.run(FutureTask.java:317)
	at org.gradle.internal.concurrent.ExecutorPolicy$CatchAndRecordFailures.onExecute(ExecutorPolicy.java:64)
	at org.gradle.internal.concurrent.AbstractManagedExecutor$1.run(AbstractManagedExecutor.java:47)
	at java.base/java.util.concurrent.ThreadPoolExecutor.runWorker(ThreadPoolExecutor.java:1144)
	at java.base/java.util.concurrent.ThreadPoolExecutor$Worker.run(ThreadPoolExecutor.java:642)
	at java.base/java.lang.Thread.run(Thread.java:1583)
Caused by: java.lang.IllegalArgumentException: this and base files have different roots: C:\opencv-4.12.0-android-sdk\OpenCV-android-sdk\sdk\java\src\org\opencv\core\MatAt.kt and D:\Kushal\projects\flamapp\android.
	at kotlin.io.FilesKt__UtilsKt.toRelativeString(Utils.kt:117)
	at kotlin.io.FilesKt__UtilsKt.relativeTo(Utils.kt:128)
	at org.jetbrains.kotlin.incremental.storage.RelocatableFileToPathConverter.toPath(RelocatableFileToPathConverter.kt:22)
	at org.jetbrains.kotlin.incremental.storage.ComplementarySourceFilesMap.get(ComplementarySourceFilesMap.kt:22)
	at org.jetbrains.kotlin.incremental.AbstractIncrementalCache.getComplementaryFilesRecursive(AbstractIncrementalCache.kt:219)
	at org.jetbrains.kotlin.incremental.IncrementalCompilerRunner.doCompile(IncrementalCompilerRunner.kt:455)
	at org.jetbrains.kotlin.incremental.IncrementalCompilerRunner.compileImpl(IncrementalCompilerRunner.kt:400)
	at org.jetbrains.kotlin.incremental.IncrementalCompilerRunner.compileNonIncrementally(IncrementalCompilerRunner.kt:281)
	at org.jetbrains.kotlin.incremental.IncrementalCompilerRunner.compile(IncrementalCompilerRunner.kt:125)
	at org.jetbrains.kotlin.daemon.CompileServiceImplBase.execIncrementalCompiler(CompileServiceImpl.kt:657)
	at org.jetbrains.kotlin.daemon.CompileServiceImplBase.access$execIncrementalCompiler(CompileServiceImpl.kt:105)
	at org.jetbrains.kotlin.daemon.CompileServiceImpl.compile(CompileServiceImpl.kt:1624)
	at java.base/jdk.internal.reflect.DirectMethodHandleAccessor.invoke(DirectMethodHandleAccessor.java:103)
	at java.base/java.lang.reflect.Method.invoke(Method.java:580)
	at java.rmi/sun.rmi.server.UnicastServerRef.dispatch(UnicastServerRef.java:360)
	at java.rmi/sun.rmi.transport.Transport$1.run(Transport.java:200)
	at java.rmi/sun.rmi.transport.Transport$1.run(Transport.java:197)
	at java.base/java.security.AccessController.doPrivileged(AccessController.java:714)
	at java.rmi/sun.rmi.transport.Transport.serviceCall(Transport.java:196)
	at java.rmi/sun.rmi.transport.tcp.TCPTransport.handleMessages(TCPTransport.java:598)
	at java.rmi/sun.rmi.transport.tcp.TCPTransport$ConnectionHandler.run0(TCPTransport.java:844)
	at java.rmi/sun.rmi.transport.tcp.TCPTransport$ConnectionHandler.lambda$run$0(TCPTransport.java:721)
	at java.base/java.security.AccessController.doPrivileged(AccessController.java:400)
	at java.rmi/sun.rmi.transport.tcp.TCPTransport$ConnectionHandler.run(TCPTransport.java:720)
	... 3 more
Using fallback strategy: Compile without Kotlin daemon
Try ./gradlew --stop if this issue persists.

> Task :app:processDebugResources
> Task :app:mergeExtDexDebug
> Task :app:mergeExtDexDebug UP-TO-DATE

> Task :opencv:compileDebugKotlin
exception: c:\opencv-4.12.0-android-sdk\OpenCV-android-sdk\sdk\java\src\org\opencv\core\MatAt.kt:6:39: warning: this declaration needs opt-in. Its usage should be marked with '@kotlin.ExperimentalUnsignedTypes' or '@OptIn(kotlin.ExperimentalUnsignedTypes::class)'
exception: fun Mat.get(row: Int, col: Int, data: UByteArray)  = this.get(row, col, data.asByteArray())
exception:                                       ^
exception: c:\opencv-4.12.0-android-sdk\OpenCV-android-sdk\sdk\java\src\org\opencv\core\MatAt.kt:6:73: warning: this declaration needs opt-in. Its usage should be marked with '@kotlin.ExperimentalUnsignedTypes' or '@OptIn(kotlin.ExperimentalUnsignedTypes::class)'
exception: fun Mat.get(row: Int, col: Int, data: UByteArray)  = this.get(row, col, data.asByteArray())
exception:                                                                         ^
exception: c:\opencv-4.12.0-android-sdk\OpenCV-android-sdk\sdk\java\src\org\opencv\core\MatAt.kt:6:78: warning: this declaration needs opt-in. Its usage should be marked with '@kotlin.ExperimentalUnsignedTypes' or '@OptIn(kotlin.ExperimentalUnsignedTypes::class)'
exception: fun Mat.get(row: Int, col: Int, data: UByteArray)  = this.get(row, col, data.asByteArray())
exception:                                                                              ^
exception: c:\opencv-4.12.0-android-sdk\OpenCV-android-sdk\sdk\java\src\org\opencv\core\MatAt.kt:7:38: warning: this declaration needs opt-in. Its usage should be marked with '@kotlin.ExperimentalUnsignedTypes' or '@OptIn(kotlin.ExperimentalUnsignedTypes::class)'
exception: fun Mat.get(indices: IntArray, data: UByteArray)  = this.get(indices, data.asByteArray())
exception:                                      ^
exception: c:\opencv-4.12.0-android-sdk\OpenCV-android-sdk\sdk\java\src\org\opencv\core\MatAt.kt:7:71: warning: this declaration needs opt-in. Its usage should be marked with '@kotlin.ExperimentalUnsignedTypes' or '@OptIn(kotlin.ExperimentalUnsignedTypes::class)'
exception: fun Mat.get(indices: IntArray, data: UByteArray)  = this.get(indices, data.asByteArray())
exception:                                                                       ^
exception: c:\opencv-4.12.0-android-sdk\OpenCV-android-sdk\sdk\java\src\org\opencv\core\MatAt.kt:7:76: warning: this declaration needs opt-in. Its usage should be marked with '@kotlin.ExperimentalUnsignedTypes' or '@OptIn(kotlin.ExperimentalUnsignedTypes::class)'
exception: fun Mat.get(indices: IntArray, data: UByteArray)  = this.get(indices, data.asByteArray())
exception:                                                                            ^
exception: c:\opencv-4.12.0-android-sdk\OpenCV-android-sdk\sdk\java\src\org\opencv\core\MatAt.kt:8:39: warning: this declaration needs opt-in. Its usage should be marked with '@kotlin.ExperimentalUnsignedTypes' or '@OptIn(kotlin.ExperimentalUnsignedTypes::class)'
exception: fun Mat.put(row: Int, col: Int, data: UByteArray)  = this.put(row, col, data.asByteArray())
exception:                                       ^
exception: c:\opencv-4.12.0-android-sdk\OpenCV-android-sdk\sdk\java\src\org\opencv\core\MatAt.kt:8:73: warning: this declaration needs opt-in. Its usage should be marked with '@kotlin.ExperimentalUnsignedTypes' or '@OptIn(kotlin.ExperimentalUnsignedTypes::class)'
exception: fun Mat.put(row: Int, col: Int, data: UByteArray)  = this.put(row, col, data.asByteArray())
exception:                                                                         ^
exception: c:\opencv-4.12.0-android-sdk\OpenCV-android-sdk\sdk\java\src\org\opencv\core\MatAt.kt:8:78: warning: this declaration needs opt-in. Its usage should be marked with '@kotlin.ExperimentalUnsignedTypes' or '@OptIn(kotlin.ExperimentalUnsignedTypes::class)'
exception: fun Mat.put(row: Int, col: Int, data: UByteArray)  = this.put(row, col, data.asByteArray())
exception:                                                                              ^
exception: c:\opencv-4.12.0-android-sdk\OpenCV-android-sdk\sdk\java\src\org\opencv\core\MatAt.kt:9:38: warning: this declaration needs opt-in. Its usage should be marked with '@kotlin.ExperimentalUnsignedTypes' or '@OptIn(kotlin.ExperimentalUnsignedTypes::class)'
exception: fun Mat.put(indices: IntArray, data: UByteArray)  = this.put(indices, data.asByteArray())
exception:                                      ^
exception: c:\opencv-4.12.0-android-sdk\OpenCV-android-sdk\sdk\java\src\org\opencv\core\MatAt.kt:9:71: warning: this declaration needs opt-in. Its usage should be marked with '@kotlin.ExperimentalUnsignedTypes' or '@OptIn(kotlin.ExperimentalUnsignedTypes::class)'
exception: fun Mat.put(indices: IntArray, data: UByteArray)  = this.put(indices, data.asByteArray())
exception:                                                                       ^
exception: c:\opencv-4.12.0-android-sdk\OpenCV-android-sdk\sdk\java\src\org\opencv\core\MatAt.kt:9:76: warning: this declaration needs opt-in. Its usage should be marked with '@kotlin.ExperimentalUnsignedTypes' or '@OptIn(kotlin.ExperimentalUnsignedTypes::class)'
exception: fun Mat.put(indices: IntArray, data: UByteArray)  = this.put(indices, data.asByteArray())
exception:                                                                            ^
exception: c:\opencv-4.12.0-android-sdk\OpenCV-android-sdk\sdk\java\src\org\opencv\core\MatAt.kt:11:39: warning: this declaration needs opt-in. Its usage should be marked with '@kotlin.ExperimentalUnsignedTypes' or '@OptIn(kotlin.ExperimentalUnsignedTypes::class)'
exception: fun Mat.get(row: Int, col: Int, data: UShortArray)  = this.get(row, col, data.asShortArray())
exception:                                       ^
exception: c:\opencv-4.12.0-android-sdk\OpenCV-android-sdk\sdk\java\src\org\opencv\core\MatAt.kt:11:74: warning: this declaration needs opt-in. Its usage should be marked with '@kotlin.ExperimentalUnsignedTypes' or '@OptIn(kotlin.ExperimentalUnsignedTypes::class)'
exception: fun Mat.get(row: Int, col: Int, data: UShortArray)  = this.get(row, col, data.asShortArray())
exception:                                                                          ^
exception: c:\opencv-4.12.0-android-sdk\OpenCV-android-sdk\sdk\java\src\org\opencv\core\MatAt.kt:11:79: warning: this declaration needs opt-in. Its usage should be marked with '@kotlin.ExperimentalUnsignedTypes' or '@OptIn(kotlin.ExperimentalUnsignedTypes::class)'
exception: fun Mat.get(row: Int, col: Int, data: UShortArray)  = this.get(row, col, data.asShortArray())
exception:                                                                               ^
exception: c:\opencv-4.12.0-android-sdk\OpenCV-android-sdk\sdk\java\src\org\opencv\core\MatAt.kt:12:38: warning: this declaration needs opt-in. Its usage should be marked with '@kotlin.ExperimentalUnsignedTypes' or '@OptIn(kotlin.ExperimentalUnsignedTypes::class)'
exception: fun Mat.get(indices: IntArray, data: UShortArray)  = this.get(indices, data.asShortArray())
exception:                                      ^
exception: c:\opencv-4.12.0-android-sdk\OpenCV-android-sdk\sdk\java\src\org\opencv\core\MatAt.kt:12:72: warning: this declaration needs opt-in. Its usage should be marked with '@kotlin.ExperimentalUnsignedTypes' or '@OptIn(kotlin.ExperimentalUnsignedTypes::class)'
exception: fun Mat.get(indices: IntArray, data: UShortArray)  = this.get(indices, data.asShortArray())
exception:                                                                        ^
exception: c:\opencv-4.12.0-android-sdk\OpenCV-android-sdk\sdk\java\src\org\opencv\core\MatAt.kt:12:77: warning: this declaration needs opt-in. Its usage should be marked with '@kotlin.ExperimentalUnsignedTypes' or '@OptIn(kotlin.ExperimentalUnsignedTypes::class)'
exception: fun Mat.get(indices: IntArray, data: UShortArray)  = this.get(indices, data.asShortArray())
exception:                                                                             ^
exception: c:\opencv-4.12.0-android-sdk\OpenCV-android-sdk\sdk\java\src\org\opencv\core\MatAt.kt:13:39: warning: this declaration needs opt-in. Its usage should be marked with '@kotlin.ExperimentalUnsignedTypes' or '@OptIn(kotlin.ExperimentalUnsignedTypes::class)'
exception: fun Mat.put(row: Int, col: Int, data: UShortArray)  = this.put(row, col, data.asShortArray())
exception:                                       ^
exception: c:\opencv-4.12.0-android-sdk\OpenCV-android-sdk\sdk\java\src\org\opencv\core\MatAt.kt:13:74: warning: this declaration needs opt-in. Its usage should be marked with '@kotlin.ExperimentalUnsignedTypes' or '@OptIn(kotlin.ExperimentalUnsignedTypes::class)'
exception: fun Mat.put(row: Int, col: Int, data: UShortArray)  = this.put(row, col, data.asShortArray())
exception:                                                                          ^
exception: c:\opencv-4.12.0-android-sdk\OpenCV-android-sdk\sdk\java\src\org\opencv\core\MatAt.kt:13:79: warning: this declaration needs opt-in. Its usage should be marked with '@kotlin.ExperimentalUnsignedTypes' or '@OptIn(kotlin.ExperimentalUnsignedTypes::class)'
exception: fun Mat.put(row: Int, col: Int, data: UShortArray)  = this.put(row, col, data.asShortArray())
exception:                                                                               ^
exception: c:\opencv-4.12.0-android-sdk\OpenCV-android-sdk\sdk\java\src\org\opencv\core\MatAt.kt:14:38: warning: this declaration needs opt-in. Its usage should be marked with '@kotlin.ExperimentalUnsignedTypes' or '@OptIn(kotlin.ExperimentalUnsignedTypes::class)'
exception: fun Mat.put(indices: IntArray, data: UShortArray)  = this.put(indices, data.asShortArray())
exception:                                      ^
exception: c:\opencv-4.12.0-android-sdk\OpenCV-android-sdk\sdk\java\src\org\opencv\core\MatAt.kt:14:72: warning: this declaration needs opt-in. Its usage should be marked with '@kotlin.ExperimentalUnsignedTypes' or '@OptIn(kotlin.ExperimentalUnsignedTypes::class)'
exception: fun Mat.put(indices: IntArray, data: UShortArray)  = this.put(indices, data.asShortArray())
exception:                                                                        ^
exception: c:\opencv-4.12.0-android-sdk\OpenCV-android-sdk\sdk\java\src\org\opencv\core\MatAt.kt:14:77: warning: this declaration needs opt-in. Its usage should be marked with '@kotlin.ExperimentalUnsignedTypes' or '@OptIn(kotlin.ExperimentalUnsignedTypes::class)'
exception: fun Mat.put(indices: IntArray, data: UShortArray)  = this.put(indices, data.asShortArray())
exception:                                                                             ^

> Task :opencv:configureCMakeDebug[arm64-v8a]
> Task :opencv:compileDebugJavaWithJavac
Note: Some input files use or override a deprecated API.
Note: Recompile with -Xlint:deprecation for details.

> Task :opencv:processDebugJavaRes
> Task :opencv:bundleLibCompileToJarDebug
> Task :opencv:bundleLibRuntimeToJarDebug
> Task :opencv:bundleLibRuntimeToDirDebug
> Task :opencv:configureCMakeDebug[armeabi-v7a]
> Task :opencv:configureCMakeDebug[x86]
> Task :opencv:configureCMakeDebug[x86_64]
> Task :opencv:generateJsonModelDebug
> Task :app:mergeLibDexDebug
> Task :app:compileDebugKotlin
w: file:///D:/Kushal/projects/flamapp/android/app/src/main/java/com/example/cvgl/CVGLRenderer.kt:106:55 Type mismatch: inferred type is ByteArray? but ByteArray was expected

> Task :opencv:prefabDebugConfigurePackage
> Task :app:compileDebugJavaWithJavac
> Task :app:dexBuilderDebug
> Task :app:processDebugJavaRes
> Task :app:mergeDebugGlobalSynthetics
> Task :app:configureCMakeDebug[arm64-v8a]
> Task :app:mergeProjectDexDebug
> Task :app:mergeDebugJavaResource
> Task :opencv:buildCMakeDebug[arm64-v8a][opencv_jni_shared]
> Task :opencv:buildCMakeDebug[armeabi-v7a][opencv_jni_shared]
> Task :opencv:buildCMakeDebug[x86][opencv_jni_shared]
> Task :opencv:buildCMakeDebug[x86_64][opencv_jni_shared]
> Task :opencv:externalNativeBuildDebug
> Task :opencv:prefabDebugPackage
> Task :app:buildCMakeDebug[arm64-v8a]
> Task :app:configureCMakeDebug[armeabi-v7a]
> Task :app:buildCMakeDebug[armeabi-v7a]
> Task :app:configureCMakeDebug[x86]
> Task :app:buildCMakeDebug[x86]
> Task :app:configureCMakeDebug[x86_64]
> Task :app:buildCMakeDebug[x86_64]
> Task :app:mergeDebugJniLibFolders UP-TO-DATE
> Task :opencv:mergeDebugJniLibFolders
> Task :app:validateSigningDebug UP-TO-DATE
> Task :app:writeDebugAppMetadata UP-TO-DATE
> Task :app:writeDebugSigningConfigVersions UP-TO-DATE
> Task :opencv:checkDebugAarMetadata
> Task :opencv:mergeDebugNativeLibs
> Task :opencv:extractDebugAnnotations
> Task :opencv:extractDeepLinksForAarDebug
> Task :opencv:mergeDebugGeneratedProguardFiles
> Task :opencv:mergeDebugConsumerProguardFiles
> Task :opencv:prepareDebugArtProfile
> Task :opencv:prepareLintJarForPublish
> Task :opencv:mergeDebugJavaResource
> Task :opencv:syncDebugLibJars
> Task :opencv:stripDebugDebugSymbols
> Task :opencv:copyDebugJniLibsProjectOnly
> Task :opencv:copyDebugJniLibsProjectAndLocalJars
> Task :app:mergeDebugNativeLibs
> Task :opencv:bundleDebugAar
> Task :opencv:assembleDebug
> Task :app:stripDebugDebugSymbols
> Task :app:packageDebug
> Task :app:createDebugApkListingFileRedirect
> Task :app:assembleDebug

[Incubating] Problems report is available at: file:///D:/Kushal/projects/flamapp/android/build/reports/problems/problems-report.html

Deprecated Gradle features were used in this build, making it incompatible with Gradle 10.0.

You can use '--warning-mode all' to show the individual deprecation warnings and determine if they come from your own scripts or plugins.

For more on this, please refer to https://docs.gradle.org/9.0-milestone-1/userguide/command_line_interface.html#sec:command_line_warnings in the Gradle documentation.

BUILD SUCCESSFUL in 7m 27s
96 actionable tasks: 61 executed, 35 up-to-date
